{"level":"info","message":"Chill Winston, the logs are being captured 2 ways - console and file","timestamp":"18:08:25"}
{"successUser":"maxport@cisco.com","messageID":"<693f876b-0edd-e401-c36a-b943ea5b5216@cisco.com>","info":"250 2.0.0 v8LH8Saw001008 Message accepted for delivery","level":"verbose","message":"","timestamp":"18:08:25"}
{"level":"info","message":"Chill Winston, the logs are being captured 2 ways - console and file","timestamp":"18:08:34"}
{"successUser":"maxport@cisco.com","messageID":"<06b4b5cb-bcbd-d584-6684-5c8b03187737@cisco.com>","info":"250 2.0.0 v8LH8con032294 Message accepted for delivery","level":"verbose","message":"","timestamp":"18:08:34"}
{"level":"info","message":"Chill Winston, the logs are being captured 2 ways - console and file","timestamp":"18:09:16"}
{"failedUser":"maxport28@cisco.com","reason":"550 5.1.1 <maxport28@cisco.com>... User unknown","level":"error","message":"","timestamp":"18:09:16"}
{"failedUser":"maxport23@cisco.com","reason":"550 5.1.1 <maxport23@cisco.com>... User unknown","level":"error","message":"","timestamp":"18:09:16"}
{"successUser":"maxport@cisco.com","messageID":"<91942d07-b9cb-0dc2-6fd6-98a4460815ba@cisco.com>","info":"250 2.0.0 v8LH9Kac001150 Message accepted for delivery","level":"verbose","message":"","timestamp":"18:09:16"}
{"level":"info","message":"Chill Winston, the logs are being captured 2 ways - console and file","timestamp":"18:11:58"}
{"successUser":"maxport@cisco.com","messageID":"<bcaded33-91ed-751f-0497-edb582032d4e@cisco.com>","info":"250 2.0.0 v8LHC2xr001728 Message accepted for delivery","level":"verbose","message":"","timestamp":"18:11:58"}
{"level":"info","message":"Chill Winston, the logs are being captured 2 ways - console and file","timestamp":"17:28:24"}
{"successUser":"maxport@cisco.com","messageID":"<6ffcf549-bace-5350-236d-136841e0bfa8@cisco.com>","info":"250 2.0.0 v9NGSQ2a007895 Message accepted for delivery","level":"verbose","message":"","timestamp":"17:28:24"}
{"level":"info","message":"Chill Winston, the logs are being captured 2 ways - console and file","timestamp":"17:28:54"}
{"successUser":"maxport@cisco.com","messageID":"<f0852e3a-0fa9-5043-6966-910d2cf7d478@cisco.com>","info":"250 2.0.0 v9NGSuhM028297 Message accepted for delivery","level":"verbose","message":"","timestamp":"17:28:54"}
{"level":"info","message":"Chill Winston, the logs are being captured 2 ways - console and file","timestamp":"17:29:19"}
{"successUser":"maxport@cisco.com","messageID":"<534b811f-98dd-6a1f-46c6-ed74b667230e@cisco.com>","info":"250 2.0.0 v9NGTM3Y028320 Message accepted for delivery","level":"verbose","message":"","timestamp":"17:29:20"}
{"level":"info","message":"Chill Winston, the logs are being captured 2 ways - console and file","timestamp":"17:29:28"}
{"failedUser":"maxport23@cisco.com","reason":"550 5.1.1 <maxport23@cisco.com>... User unknown","level":"error","message":"","timestamp":"17:29:29"}
{"failedUser":"maxport28@cisco.com","reason":"550 5.1.1 <maxport28@cisco.com>... User unknown","level":"error","message":"","timestamp":"17:29:29"}
{"successUser":"maxport@cisco.com","messageID":"<90bede30-1495-1157-2a6c-12f7abc5945a@cisco.com>","info":"250 2.0.0 v9NGTVp6008073 Message accepted for delivery","level":"verbose","message":"","timestamp":"17:29:29"}
{"level":"info","message":"Chill Winston, the logs are being captured 2 ways - console and file","timestamp":"17:37:59"}
{"successUser":"maxport@cisco.com","messageID":"<8ce79a89-6bbc-4b44-4c19-7f07d7552515@cisco.com>","info":"250 2.0.0 v9NGc2U7030108 Message accepted for delivery","level":"verbose","message":"","timestamp":"17:38:00"}
{"level":"info","message":"Chill Winston, the logs are being captured 2 ways - console and file","timestamp":"14:20:53"}
{"failedUser":"maxport23@cisco.com","reason":"550 5.1.1 <maxport23@cisco.com>... User unknown","level":"error","message":"","timestamp":"14:20:53"}
{"level":"info","message":"Chill Winston, the logs are being captured 2 ways - console and file","timestamp":"14:21:59"}
{"failedUser":"maxport23@cisco.com","reason":"550 5.1.1 <maxport23@cisco.com>... User unknown","level":"error","message":"","timestamp":"14:21:59"}
{"level":"info","message":"Chill Winston, the logs are being captured 2 ways - console and file","timestamp":"14:22:19"}
{"failedUser":"maxport23@cisco.com","reason":"550 5.1.1 <maxport23@cisco.com>... User unknown","level":"error","message":"","timestamp":"14:22:19"}
{"level":"info","message":"Chill Winston, the logs are being captured 2 ways - console and file","timestamp":"15:24:52"}
{"message":"Cannot read property 'sendMail' of undefined","stack":"TypeError: Cannot read property 'sendMail' of undefined\n    at Promise (/Users/maxport/node-work/bulk-mailer/smartbadge-test/app.js:114:14)\n    at Promise (<anonymous>)\n    at Object.send (/Users/maxport/node-work/bulk-mailer/smartbadge-test/app.js:112:9)\n    at Object.wrapped (/Users/maxport/node-work/bulk-mailer/smartbadge-test/node_modules/bottleneck/lib/Bottleneck.js:240:22)\n    at Timeout._onTimeout (/Users/maxport/node-work/bulk-mailer/smartbadge-test/node_modules/bottleneck/lib/Bottleneck.js:180:34)\n    at ontimeout (timers.js:469:11)\n    at tryOnTimeout (timers.js:304:5)\n    at Timer.listOnTimeout (timers.js:264:5)","level":"error","timestamp":"15:24:52"}
{"level":"info","message":"Chill Winston, the logs are being captured 2 ways - console and file","timestamp":"15:40:25"}
{"level":"verbose","message":"","timestamp":"15:40:25"}
{"message":"Cannot read property 'successUser' of undefined","stack":"TypeError: Cannot read property 'successUser' of undefined\n    at readData.then.then.then (/Users/maxport/node-work/bulk-mailer/smartbadge-test/app.js:43:32)\n    at <anonymous>\n    at process._tickCallback (internal/process/next_tick.js:188:7)","level":"error","timestamp":"15:40:25"}
{"level":"info","message":"Chill Winston, the logs are being captured 2 ways - console and file","timestamp":"15:41:49"}
{"level":"verbose","message":"","timestamp":"15:41:49"}
{"message":"Cannot read property 'successUser' of undefined","stack":"TypeError: Cannot read property 'successUser' of undefined\n    at readData.then.then.then (/Users/maxport/node-work/bulk-mailer/smartbadge-test/app.js:44:32)\n    at <anonymous>","level":"error","timestamp":"15:41:49"}
{"level":"info","message":"Chill Winston, the logs are being captured 2 ways - console and file","timestamp":"15:45:52"}
{"failedUser":"maxport23@cisco.com","reason":"550 5.1.1 <maxport23@cisco.com>... User unknown","level":"error","message":"","timestamp":"15:45:52"}
{"failedUser":"maxport28@cisco.com","reason":"550 5.1.1 <maxport28@cisco.com>... User unknown","level":"error","message":"","timestamp":"15:45:52"}
{"successUser":"maxport@cisco.com","messageID":"<cd44d661-3ef6-11d9-0f5a-db09d693cc9b@cisco.com>","info":"250 2.0.0 v9OEjqqB028051 Message accepted for delivery","level":"verbose","message":"","timestamp":"15:45:53"}
{"level":"info","message":"Chill Winston, the logs are being captured 2 ways - console and file","timestamp":"15:56:31"}
{"failedUser":"maxport23@cisco.com","reason":"550 5.1.1 <maxport23@cisco.com>... User unknown","level":"error","message":"","timestamp":"15:56:31"}
{"failedUser":"maxport28@cisco.com","reason":"550 5.1.1 <maxport28@cisco.com>... User unknown","level":"error","message":"","timestamp":"15:56:31"}
{"successUser":"maxport@cisco.com","messageID":"<97b16bcb-ff92-638b-727f-bb88b4888918@cisco.com>","info":"250 2.0.0 v9OEuVxQ030126 Message accepted for delivery","level":"verbose","message":"","timestamp":"15:56:31"}
{"level":"info","message":"Chill Winston, the logs are being captured 2 ways - console and file","timestamp":"16:12:15"}
{"failedUser":"maxport23@cisco.com","reason":"550 5.1.1 <maxport23@cisco.com>... User unknown","level":"error","message":"","timestamp":"16:12:15"}
{"level":"info","message":"Chill Winston, the logs are being captured 2 ways - console and file","timestamp":"16:12:27"}
{"failedUser":"maxport23@cisco.com","reason":"550 5.1.1 <maxport23@cisco.com>... User unknown","level":"error","message":"","timestamp":"16:12:28"}
{"successUser":"maxport@cisco.com","messageID":"<4d5d55d4-1f48-68d7-3206-5990dc1db8f4@cisco.com>","info":"250 2.0.0 v9OFCSfc021676 Message accepted for delivery","level":"verbose","message":"","timestamp":"16:12:28"}
{"level":"info","message":"Chill Winston, the logs are being captured 2 ways - console and file","timestamp":"16:12:35"}
{"failedUser":"maxport23@cisco.com","reason":"550 5.1.1 <maxport23@cisco.com>... User unknown","level":"error","message":"","timestamp":"16:12:36"}
{"successUser":"maxport@cisco.com","messageID":"<5a0338eb-a316-9d4c-cb4e-3e7c29f78c0c@cisco.com>","info":"250 2.0.0 v9OFCatt014674 Message accepted for delivery","level":"verbose","message":"","timestamp":"16:12:36"}
{"level":"info","message":"Chill Winston, the logs are being captured 2 ways - console and file","timestamp":"16:14:16"}
{"failedUser":"maxport23@cisco.com","reason":"550 5.1.1 <maxport23@cisco.com>... User unknown","level":"error","message":"","timestamp":"16:14:16"}
{"failedUser":"maxport28@cisco.com","reason":"550 5.1.1 <maxport28@cisco.com>... User unknown","level":"error","message":"","timestamp":"16:14:16"}
{"successUser":"maxport@cisco.com","messageID":"<51090778-34fd-d26b-afd7-eddc9ab020b3@cisco.com>","info":"250 2.0.0 v9OFEGHu001299 Message accepted for delivery","level":"verbose","message":"","timestamp":"16:14:17"}
{"level":"info","message":"Chill Winston, the logs are being captured 2 ways - console and file","timestamp":"16:21:01"}
{"failedUser":"maxport28@cisco.com","reason":"550 5.1.1 <maxport28@cisco.com>... User unknown","level":"error","message":"","timestamp":"16:21:02"}
{"failedUser":"maxport23@cisco.com","reason":"550 5.1.1 <maxport23@cisco.com>... User unknown","level":"error","message":"","timestamp":"16:21:02"}
{"successUser":"maxport@cisco.com","messageID":"<6328e3c4-891c-fd5b-218f-57eba02adf32@cisco.com>","info":"250 2.0.0 v9OFL2Eq016392 Message accepted for delivery","level":"verbose","message":"","timestamp":"16:21:02"}
{"level":"info","message":"Chill Winston, the logs are being captured 2 ways - console and file","timestamp":"16:28:54"}
{"message":"Cannot read property 'sendMail' of undefined","stack":"TypeError: Cannot read property 'sendMail' of undefined\n    at Promise (/Users/maxport/node-work/bulk-mailer/smartbadge-test/app.js:116:14)\n    at Promise (<anonymous>)\n    at Object.send (/Users/maxport/node-work/bulk-mailer/smartbadge-test/app.js:114:9)\n    at Object.wrapped (/Users/maxport/node-work/bulk-mailer/smartbadge-test/node_modules/bottleneck/lib/Bottleneck.js:240:22)\n    at Timeout._onTimeout (/Users/maxport/node-work/bulk-mailer/smartbadge-test/node_modules/bottleneck/lib/Bottleneck.js:180:34)\n    at ontimeout (timers.js:469:11)\n    at tryOnTimeout (timers.js:304:5)\n    at Timer.listOnTimeout (timers.js:264:5)","level":"error","timestamp":"16:28:54"}
{"message":"Cannot read property 'sendMail' of undefined","stack":"TypeError: Cannot read property 'sendMail' of undefined\n    at Promise (/Users/maxport/node-work/bulk-mailer/smartbadge-test/app.js:116:14)\n    at Promise (<anonymous>)\n    at Object.send (/Users/maxport/node-work/bulk-mailer/smartbadge-test/app.js:114:9)\n    at Object.wrapped (/Users/maxport/node-work/bulk-mailer/smartbadge-test/node_modules/bottleneck/lib/Bottleneck.js:240:22)\n    at Timeout._onTimeout (/Users/maxport/node-work/bulk-mailer/smartbadge-test/node_modules/bottleneck/lib/Bottleneck.js:180:34)\n    at ontimeout (timers.js:469:11)\n    at tryOnTimeout (timers.js:304:5)\n    at Timer.listOnTimeout (timers.js:264:5)","level":"error","timestamp":"16:28:54"}
{"message":"Cannot read property 'sendMail' of undefined","stack":"TypeError: Cannot read property 'sendMail' of undefined\n    at Promise (/Users/maxport/node-work/bulk-mailer/smartbadge-test/app.js:116:14)\n    at Promise (<anonymous>)\n    at Object.send (/Users/maxport/node-work/bulk-mailer/smartbadge-test/app.js:114:9)\n    at Object.wrapped (/Users/maxport/node-work/bulk-mailer/smartbadge-test/node_modules/bottleneck/lib/Bottleneck.js:240:22)\n    at Timeout._onTimeout (/Users/maxport/node-work/bulk-mailer/smartbadge-test/node_modules/bottleneck/lib/Bottleneck.js:180:34)\n    at ontimeout (timers.js:469:11)\n    at tryOnTimeout (timers.js:304:5)\n    at Timer.listOnTimeout (timers.js:264:5)","level":"error","timestamp":"16:28:54"}
{"level":"info","message":"Chill Winston, the logs are being captured 2 ways - console and file","timestamp":"16:29:12"}
{"message":"Cannot read property 'sendMail' of undefined","stack":"TypeError: Cannot read property 'sendMail' of undefined\n    at Promise (/Users/maxport/node-work/bulk-mailer/smartbadge-test/app.js:117:14)\n    at Promise (<anonymous>)\n    at Object.send (/Users/maxport/node-work/bulk-mailer/smartbadge-test/app.js:115:9)\n    at Object.wrapped (/Users/maxport/node-work/bulk-mailer/smartbadge-test/node_modules/bottleneck/lib/Bottleneck.js:240:22)\n    at Timeout._onTimeout (/Users/maxport/node-work/bulk-mailer/smartbadge-test/node_modules/bottleneck/lib/Bottleneck.js:180:34)\n    at ontimeout (timers.js:469:11)\n    at tryOnTimeout (timers.js:304:5)\n    at Timer.listOnTimeout (timers.js:264:5)","level":"error","timestamp":"16:29:13"}
{"message":"Cannot read property 'sendMail' of undefined","stack":"TypeError: Cannot read property 'sendMail' of undefined\n    at Promise (/Users/maxport/node-work/bulk-mailer/smartbadge-test/app.js:117:14)\n    at Promise (<anonymous>)\n    at Object.send (/Users/maxport/node-work/bulk-mailer/smartbadge-test/app.js:115:9)\n    at Object.wrapped (/Users/maxport/node-work/bulk-mailer/smartbadge-test/node_modules/bottleneck/lib/Bottleneck.js:240:22)\n    at Timeout._onTimeout (/Users/maxport/node-work/bulk-mailer/smartbadge-test/node_modules/bottleneck/lib/Bottleneck.js:180:34)\n    at ontimeout (timers.js:469:11)\n    at tryOnTimeout (timers.js:304:5)\n    at Timer.listOnTimeout (timers.js:264:5)","level":"error","timestamp":"16:29:13"}
{"message":"Cannot read property 'sendMail' of undefined","stack":"TypeError: Cannot read property 'sendMail' of undefined\n    at Promise (/Users/maxport/node-work/bulk-mailer/smartbadge-test/app.js:117:14)\n    at Promise (<anonymous>)\n    at Object.send (/Users/maxport/node-work/bulk-mailer/smartbadge-test/app.js:115:9)\n    at Object.wrapped (/Users/maxport/node-work/bulk-mailer/smartbadge-test/node_modules/bottleneck/lib/Bottleneck.js:240:22)\n    at Timeout._onTimeout (/Users/maxport/node-work/bulk-mailer/smartbadge-test/node_modules/bottleneck/lib/Bottleneck.js:180:34)\n    at ontimeout (timers.js:469:11)\n    at tryOnTimeout (timers.js:304:5)\n    at Timer.listOnTimeout (timers.js:264:5)","level":"error","timestamp":"16:29:13"}
{"level":"info","message":"Chill Winston, the logs are being captured 2 ways - console and file","timestamp":"16:29:30"}
{"message":"Cannot read property 'sendMail' of undefined","stack":"TypeError: Cannot read property 'sendMail' of undefined\n    at Promise (/Users/maxport/node-work/bulk-mailer/smartbadge-test/app.js:117:14)\n    at Promise (<anonymous>)\n    at Object.send (/Users/maxport/node-work/bulk-mailer/smartbadge-test/app.js:115:9)\n    at Object.wrapped (/Users/maxport/node-work/bulk-mailer/smartbadge-test/node_modules/bottleneck/lib/Bottleneck.js:240:22)\n    at Timeout._onTimeout (/Users/maxport/node-work/bulk-mailer/smartbadge-test/node_modules/bottleneck/lib/Bottleneck.js:180:34)\n    at ontimeout (timers.js:469:11)\n    at tryOnTimeout (timers.js:304:5)\n    at Timer.listOnTimeout (timers.js:264:5)","level":"error","timestamp":"16:29:30"}
{"level":"info","message":"Chill Winston, the logs are being captured 2 ways - console and file","timestamp":"16:29:48"}
{"message":"Cannot read property 'sendMail' of undefined","stack":"TypeError: Cannot read property 'sendMail' of undefined\n    at Promise (/Users/maxport/node-work/bulk-mailer/smartbadge-test/app.js:117:14)\n    at Promise (<anonymous>)\n    at Object.send (/Users/maxport/node-work/bulk-mailer/smartbadge-test/app.js:115:9)\n    at Object.wrapped (/Users/maxport/node-work/bulk-mailer/smartbadge-test/node_modules/bottleneck/lib/Bottleneck.js:240:22)\n    at Timeout._onTimeout (/Users/maxport/node-work/bulk-mailer/smartbadge-test/node_modules/bottleneck/lib/Bottleneck.js:180:34)\n    at ontimeout (timers.js:469:11)\n    at tryOnTimeout (timers.js:304:5)\n    at Timer.listOnTimeout (timers.js:264:5)","level":"error","timestamp":"16:29:48"}
{"level":"info","message":"Chill Winston, the logs are being captured 2 ways - console and file","timestamp":"16:30:55"}
{"successUser":"maxport@cisco.com","messageID":"<270e26e7-4120-0a5d-eea1-d4c9c1a28156@cisco.com>","info":"250 2.0.0 v9OFUtQJ002055 Message accepted for delivery","level":"verbose","message":"","timestamp":"16:30:55"}
{"level":"info","message":"Chill Winston, the logs are being captured 2 ways - console and file","timestamp":"16:31:58"}
{"successUser":"maxport@cisco.com","messageID":"<508328e3-221f-e386-6129-92a14eff0c2d@cisco.com>","info":"250 2.0.0 v9OFVxlZ018466 Message accepted for delivery","level":"verbose","message":"","timestamp":"16:31:59"}
{"level":"info","message":"Chill Winston, the logs are being captured 2 ways - console and file","timestamp":"16:44:27"}
{"successUser":"maxport@cisco.com","messageID":"<610f320b-0faf-1d50-8ada-ff86d93f6879@cisco.com>","info":"250 2.0.0 v9OFiSIU028072 Message accepted for delivery","level":"verbose","message":"","timestamp":"16:44:28"}
{"level":"info","message":"Chill Winston, the logs are being captured 2 ways - console and file","timestamp":"16:44:45"}
{"successUser":"maxport@cisco.com","messageID":"<5994a4a8-ee07-f0fe-ed32-588eee583448@cisco.com>","info":"250 2.0.0 v9OFikgR007230 Message accepted for delivery","level":"verbose","message":"","timestamp":"16:44:46"}
{"level":"info","message":"Chill Winston, the logs are being captured 2 ways - console and file","timestamp":"16:45:17"}
{"successUser":"maxport@cisco.com","messageID":"<4c9df02e-a6e3-6bbd-7372-d72b1d744877@cisco.com>","info":"250 2.0.0 v9OFjI95028269 Message accepted for delivery","level":"verbose","message":"","timestamp":"16:45:18"}
{"level":"info","message":"Chill Winston, the logs are being captured 2 ways - console and file","timestamp":"16:52:48"}
{"message":"Cannot read property 'prfn' of undefined","stack":"TypeError: Cannot read property 'prfn' of undefined\n    at Promise.all.then (/Users/maxport/node-work/bulk-mailer/smartbadge-test/app.js:97:58)\n    at <anonymous>\n    at process._tickCallback (internal/process/next_tick.js:188:7)","level":"error","timestamp":"16:52:49"}
{"level":"info","message":"Chill Winston, the logs are being captured 2 ways - console and file","timestamp":"16:53:16"}
{"successUser":"maxport@cisco.com","messageID":"<590da45e-e166-3bc1-c9f7-efc551b41d23@cisco.com>","info":"250 2.0.0 v9OFrHPA022347 Message accepted for delivery","level":"verbose","message":"","timestamp":"16:53:17"}
{"level":"info","message":"Chill Winston, the logs are being captured 2 ways - console and file","timestamp":"16:54:36"}
{"successUser":"maxport@cisco.com","messageID":"<6ed3da38-8743-5208-0bbb-189f375bba7a@cisco.com>","info":"250 2.0.0 v9OFsbBB009129 Message accepted for delivery","level":"verbose","message":"","timestamp":"16:54:37"}
{"level":"info","message":"Chill Winston, the logs are being captured 2 ways - console and file","timestamp":"16:58:15"}
{"successUser":"maxport@cisco.com","messageID":"<5cb6573d-b967-a51b-3981-826f98db3ff5@cisco.com>","info":"250 2.0.0 v9OFwGJr007194 Message accepted for delivery","level":"verbose","message":"","timestamp":"16:58:16"}
{"level":"info","message":"Chill Winston, the logs are being captured 2 ways - console and file","timestamp":"17:51:12"}
{"successUser":"maxport@cisco.com","messageID":"<c942bd4b-c137-6138-dd94-998cca7fcf9d@cisco.com>","info":"250 2.0.0 v9OGpDHh000332 Message accepted for delivery","level":"verbose","message":"","timestamp":"17:51:13"}
{"level":"info","message":"Chill Winston, the logs are being captured 2 ways - console and file","timestamp":"18:00:49"}
{"successUser":"maxport@cisco.com","messageID":"<632053d5-8b2b-6134-a897-a64155322648@cisco.com>","info":"250 2.0.0 v9OH0nem019197 Message accepted for delivery","level":"verbose","message":"","timestamp":"18:00:49"}
{"level":"info","message":"Chill Winston, the logs are being captured 2 ways - console and file","timestamp":"18:02:23"}
{"successUser":"maxport@cisco.com","messageID":"<956709d3-8020-e840-7ec4-481779e01c51@cisco.com>","info":"250 2.0.0 v9OH2OWu002608 Message accepted for delivery","level":"verbose","message":"","timestamp":"18:02:24"}
{"level":"info","message":"Chill Winston, the logs are being captured 2 ways - console and file","timestamp":"18:03:44"}
{"successUser":"maxport@cisco.com","messageID":"<0142a2b4-13de-4d0a-e16f-999a9531cfa8@cisco.com>","info":"250 2.0.0 v9OH3ilS002831 Message accepted for delivery","level":"verbose","message":"","timestamp":"18:03:44"}
{"level":"info","message":"Chill Winston, the logs are being captured 2 ways - console and file","timestamp":"18:04:43"}
{"successUser":"maxport@cisco.com","messageID":"<8fefcde3-4aa4-e420-d344-0e2bd595df2f@cisco.com>","info":"250 2.0.0 v9OH4ir6019969 Message accepted for delivery","level":"verbose","message":"","timestamp":"18:04:44"}
{"level":"info","message":"Chill Winston, the logs are being captured 2 ways - console and file","timestamp":"18:05:22"}
{"successUser":"maxport@cisco.com","messageID":"<4ed3a043-62d0-61ee-1384-e95cc3f2488f@cisco.com>","info":"250 2.0.0 v9OH5NI2011106 Message accepted for delivery","level":"verbose","message":"","timestamp":"18:05:23"}
{"level":"info","message":"Chill Winston, the logs are being captured 2 ways - console and file","timestamp":"18:07:02"}
{"successUser":"maxport@cisco.com","messageID":"<b1107afb-51a4-7857-1b21-a83551814d83@cisco.com>","info":"250 2.0.0 v9OH72hO003470 Message accepted for delivery","level":"verbose","message":"","timestamp":"18:07:03"}
{"level":"info","message":"Chill Winston, the logs are being captured 2 ways - console and file","timestamp":"18:17:23"}
{"successUser":"maxport@cisco.com","messageID":"<7544f7c2-b2ee-0c5f-e524-b7960cda2780@cisco.com>","info":"250 2.0.0 v9OHHOoB013386 Message accepted for delivery","level":"verbose","message":"","timestamp":"18:17:24"}
{"level":"info","message":"Chill Winston, the logs are being captured 2 ways - console and file","timestamp":"18:17:40"}
{"successUser":"maxport@cisco.com","messageID":"<028b3893-0097-2ab8-5b10-dd726e277456@cisco.com>","info":"250 2.0.0 v9OHHf5g005567 Message accepted for delivery","level":"verbose","message":"","timestamp":"18:17:41"}
{"failedUser":"maxport23@cisco.com","reason":"550 5.1.1 <maxport23@cisco.com>... User unknown","level":"error","message":"","timestamp":"18:17:41"}
{"failedUser":"maxport28@cisco.com","reason":"550 5.1.1 <maxport28@cisco.com>... User unknown","level":"error","message":"","timestamp":"18:17:41"}
{"level":"info","message":"Chill Winston, the logs are being captured 2 ways - console and file","timestamp":"18:24:09"}
{"failedUser":"maxport28@cisco.com","reason":"550 5.1.1 <maxport28@cisco.com>... User unknown","level":"error","message":"","timestamp":"18:24:09"}
{"successUser":"maxport@cisco.com","messageID":"<2ff554ff-7bd1-79fa-b7a7-bcaacc6aba36@cisco.com>","info":"250 2.0.0 v9OHO9NG026234 Message accepted for delivery","level":"verbose","message":"","timestamp":"18:24:09"}
{"failedUser":"maxport23@cisco.com","reason":"550 5.1.1 <maxport23@cisco.com>... User unknown","level":"error","message":"","timestamp":"18:24:10"}
{"level":"info","message":"Chill Winston, the logs are being captured 2 ways - console and file","timestamp":"18:46:05"}
{"failedUser":"undefined@cisco.com","reason":"550 5.1.1 <undefined@cisco.com>... User unknown","level":"error","message":"","timestamp":"18:46:06"}
{"level":"info","message":"Chill Winston, the logs are being captured 2 ways - console and file","timestamp":"19:00:31"}
{"successUser":"maxport@cisco.com","messageID":"<2740924b-f38b-2b6d-0cfa-fc921ddf9634@cisco.com>","info":"250 2.0.0 v9OI0WSC000654 Message accepted for delivery","level":"verbose","message":"","timestamp":"19:00:32"}
